{"C:\\Users\\LeonardoPeronKrause\\OneDrive\\Área de Trabalho\\projetos\\CapitalControl\\src\\delete.js": {"path":"C:\\Users\\LeonardoPeronKrause\\OneDrive\\Área de Trabalho\\projetos\\CapitalControl\\src\\delete.js","statementMap":{"0":{"start":{"line":2,"column":4},"end":{"line":2,"column":17}},"1":{"start":{"line":5,"column":0},"end":{"line":5,"column":22}}},"fnMap":{"0":{"name":"soma","decl":{"start":{"line":1,"column":9},"end":{"line":1,"column":13}},"loc":{"start":{"line":1,"column":20},"end":{"line":3,"column":1}},"line":1}},"branchMap":{},"s":{"0":1,"1":1},"f":{"0":1},"b":{},"_coverageSchema":"1a1c01bbd47fc00a2c39e90264f33305004495a9","hash":"c2e2466582b3e66b37f354a7573a4f8eb174af47"}
}
